<?xml version="1.0" encoding="UTF-8"?>
<!-- Generated by org.testng.reporters.JUnitReportReporter -->
<testsuite hostname="LAPTOP-NB0U6T1G" failures="0" tests="2" name="Demofw.Demofw.MainClass" time="179.182" errors="0" timestamp="2022-11-11T16:26:32 IST" skipped="0">
  <testcase classname="Demofw.Demofw.MainClass" name="orange" time="155.368"/>
  <system-out/>
  <testcase classname="Demofw.Demofw.MainClass" name="demoqa" time="23.814"/>
  <system-out/>
</testsuite> <!-- Demofw.Demofw.MainClass -->
